<?xml version="1.0" encoding="UTF-8"?>
<testsuite xmlns:xsi="http://www.w3.org/2001/XMLSchema-instance" xsi:noNamespaceSchemaLocation="https://maven.apache.org/surefire/maven-surefire-plugin/xsd/surefire-test-report.xsd" name="com.hsbc.qe.api.runner.RunAPITest" time="27.585" tests="23" errors="0" skipped="0" failures="0">
  <properties>
[...]
</properties>
  <testcase name="Get users Status #1" classname="List Users" time="3.533"/>
  <testcase name="Get users Status #2" classname="List Users" time="0.768"/>
  <testcase name="Get users Status #3" classname="List Users" time="1.481"/>
  <testcase name="get user element comparison #1" classname="List Users" time="1.067"/>
  <testcase name="get user element comparison #2" classname="List Users" time="0.751"/>
  <testcase name="Get Schema comparison #1" classname="List Users" time="1.089"/>
  <testcase name="Get Schema comparison #2" classname="List Users" time="0.747"/>
  <testcase name="Get Response comparison #1" classname="List Users" time="1.529"/>
  <testcase name="Get Response comparison #2" classname="List Users" time="0.622"/>
  <testcase name="Delete User" classname="delete Users" time="1.402"/>
  <testcase name="Create user status codes #1" classname="Create Users" time="1.515"/>
  <testcase name="Create user status codes #2" classname="Create Users" time="1.488"/>
  <testcase name="Create user status codes #3" classname="Create Users" time="0.722"/>
  <testcase name="create user element comparison #1" classname="Create Users" time="0.776"/>
  <testcase name="create user element comparison #2" classname="Create Users" time="0.892"/>
  <testcase name="create user element comparison #3" classname="Create Users" time="0.79"/>
  <testcase name="user Schema comparison #1" classname="Create Users" time="1.449"/>
  <testcase name="user Schema comparison #2" classname="Create Users" time="0.664"/>
  <testcase name="user Schema comparison #3" classname="Create Users" time="0.704"/>
  <testcase name="users Response comparison #1" classname="Create Users" time="0.793"/>
  <testcase name="users Response comparison #2" classname="Create Users" time="1.298"/>
  <testcase name="users Response comparison #3" classname="Create Users" time="1.415"/>
  <testcase name="Update User" classname="Update Users" time="0.693"/>
</testsuite>